This file contains any messages produced by compilers while
running configure, to aid debugging if configure makes a mistake.

It was created by helloWorld configure 1.0, which was
generated by GNU Autoconf 2.69.  Invocation command line was

  $ ./configure 

## --------- ##
## Platform. ##
## --------- ##

hostname = lasalles-MBP.hsd1.il.comcast.net
uname -m = x86_64
uname -r = 19.0.0
uname -s = Darwin
uname -v = Darwin Kernel Version 19.0.0: Thu Oct 17 16:17:15 PDT 2019; root:xnu-6153.41.3~29/RELEASE_X86_64

/usr/bin/uname -p = i386
/bin/uname -X     = unknown

/bin/arch              = unknown
/usr/bin/arch -k       = unknown
/usr/convex/getsysinfo = unknown
/usr/bin/hostinfo      = Mach kernel version:
	 Darwin Kernel Version 19.0.0: Thu Oct 17 16:17:15 PDT 2019; root:xnu-6153.41.3~29/RELEASE_X86_64
Kernel configured for up to 4 processors.
2 processors are physically available.
4 processors are logically available.
Processor type: x86_64h (Intel x86-64h Haswell)
Processors active: 0 1 2 3
Primary memory available: 8.00 gigabytes
Default processor set: 550 tasks, 2669 threads, 4 processors
Load average: 5.44, Mach factor: 0.77
/bin/machine           = unknown
/usr/bin/oslevel       = unknown
/bin/universe          = unknown

PATH: /usr/local/bin
PATH: /usr/bin
PATH: /bin
PATH: /usr/sbin
PATH: /sbin
PATH: /Users/oketo/CLionProjects/tmp/my-toolchain/bin
PATH: /Users/oketo/CLionProjects/tmp/my-toolchain/bin


## ----------- ##
## Core tests. ##
## ----------- ##

configure:2356: checking for a BSD-compatible install
configure:2424: result: /usr/bin/install -c
configure:2435: checking whether build environment is sane
configure:2490: result: yes
configure:2641: checking for a thread-safe mkdir -p
configure:2680: result: ./install-sh -c -d
configure:2687: checking for gawk
configure:2717: result: no
configure:2687: checking for mawk
configure:2717: result: no
configure:2687: checking for nawk
configure:2717: result: no
configure:2687: checking for awk
configure:2703: found /usr/bin/awk
configure:2714: result: awk
configure:2725: checking whether make sets $(MAKE)
configure:2747: result: yes
configure:2776: checking whether make supports nested variables
configure:2793: result: yes
configure:3037: checking for C++ compiler version
configure:3046: aarch64-linux-android-clang++ --version >&5
Android (5220042 based on r346389c) clang version 8.0.7 (https://android.googlesource.com/toolchain/clang b55f2d4ebfd35bf643d27dbca1bb228957008617) (https://android.googlesource.com/toolchain/llvm 3c393fe7a7e13b0fba4ac75a01aa683d7a5b11cd) (based on LLVM 8.0.7svn)
Target: aarch64-unknown-linux-android28
Thread model: posix
InstalledDir: /Users/oketo/CLionProjects/tmp/my-toolchain/bin
configure:3057: $? = 0
configure:3046: aarch64-linux-android-clang++ -v >&5
Android (5220042 based on r346389c) clang version 8.0.7 (https://android.googlesource.com/toolchain/clang b55f2d4ebfd35bf643d27dbca1bb228957008617) (https://android.googlesource.com/toolchain/llvm 3c393fe7a7e13b0fba4ac75a01aa683d7a5b11cd) (based on LLVM 8.0.7svn)
Target: aarch64-unknown-linux-android28
Thread model: posix
InstalledDir: /Users/oketo/CLionProjects/tmp/my-toolchain/bin
Found candidate GCC installation: /Users/oketo/CLionProjects/tmp/my-toolchain/bin/../lib/gcc/aarch64-linux-android/4.9.x
Selected GCC installation: /Users/oketo/CLionProjects/tmp/my-toolchain/bin/../lib/gcc/aarch64-linux-android/4.9.x
Candidate multilib: .;@m64
Selected multilib: .;@m64
clang80++: warning: argument unused during compilation: '-fno-addrsig' [-Wunused-command-line-argument]
configure:3057: $? = 0
configure:3046: aarch64-linux-android-clang++ -V >&5
clang80++: error: argument to '-V' is missing (expected 1 value)
clang80++: error: no input files
configure:3057: $? = 1
configure:3046: aarch64-linux-android-clang++ -qversion >&5
clang80++: error: unknown argument '-qversion', did you mean '--version'?
clang80++: error: no input files
configure:3057: $? = 1
configure:3077: checking whether the C++ compiler works
configure:3099: aarch64-linux-android-clang++   -pie conftest.cpp  >&5
configure:3103: $? = 0
configure:3151: result: yes
configure:3154: checking for C++ compiler default output file name
configure:3156: result: a.out
configure:3162: checking for suffix of executables
configure:3169: aarch64-linux-android-clang++ -o conftest   -pie conftest.cpp  >&5
configure:3173: $? = 0
configure:3195: result: 
configure:3217: checking whether we are cross compiling
configure:3225: aarch64-linux-android-clang++ -o conftest   -pie conftest.cpp  >&5
configure:3229: $? = 0
configure:3236: ./conftest
./configure: line 3238: ./conftest: cannot execute binary file
configure:3240: $? = 126
configure:3247: error: in `/Users/oketo/CLionProjects/tmp/CrossPlatformCProjectAndroid':
configure:3249: error: cannot run C++ compiled programs.
If you meant to cross compile, use `--host'.
See `config.log' for more details

## ---------------- ##
## Cache variables. ##
## ---------------- ##

ac_cv_env_CCC_set=
ac_cv_env_CCC_value=
ac_cv_env_CC_set=set
ac_cv_env_CC_value=aarch64-linux-android-clang
ac_cv_env_CFLAGS_set=set
ac_cv_env_CFLAGS_value='-fPIE -fPIC'
ac_cv_env_CPPFLAGS_set=
ac_cv_env_CPPFLAGS_value=
ac_cv_env_CPP_set=
ac_cv_env_CPP_value=
ac_cv_env_CXXCPP_set=
ac_cv_env_CXXCPP_value=
ac_cv_env_CXXFLAGS_set=
ac_cv_env_CXXFLAGS_value=
ac_cv_env_CXX_set=set
ac_cv_env_CXX_value=aarch64-linux-android-clang++
ac_cv_env_LDFLAGS_set=set
ac_cv_env_LDFLAGS_value=-pie
ac_cv_env_LIBS_set=
ac_cv_env_LIBS_value=
ac_cv_env_LT_SYS_LIBRARY_PATH_set=
ac_cv_env_LT_SYS_LIBRARY_PATH_value=
ac_cv_env_build_alias_set=
ac_cv_env_build_alias_value=
ac_cv_env_host_alias_set=
ac_cv_env_host_alias_value=
ac_cv_env_target_alias_set=
ac_cv_env_target_alias_value=
ac_cv_path_install='/usr/bin/install -c'
ac_cv_prog_AWK=awk
ac_cv_prog_make_make_set=yes
am_cv_make_support_nested_variables=yes

## ----------------- ##
## Output variables. ##
## ----------------- ##

ACLOCAL='${SHELL} /Users/oketo/CLionProjects/tmp/CrossPlatformCProjectAndroid/missing aclocal-1.16'
AMDEPBACKSLASH=''
AMDEP_FALSE=''
AMDEP_TRUE=''
AMTAR='$${TAR-tar}'
AM_BACKSLASH='\'
AM_DEFAULT_V='$(AM_DEFAULT_VERBOSITY)'
AM_DEFAULT_VERBOSITY='1'
AM_V='$(V)'
AR='aarch64-linux-android-ar'
AUTOCONF='${SHELL} /Users/oketo/CLionProjects/tmp/CrossPlatformCProjectAndroid/missing autoconf'
AUTOHEADER='${SHELL} /Users/oketo/CLionProjects/tmp/CrossPlatformCProjectAndroid/missing autoheader'
AUTOMAKE='${SHELL} /Users/oketo/CLionProjects/tmp/CrossPlatformCProjectAndroid/missing automake-1.16'
AWK='awk'
CC='aarch64-linux-android-clang'
CCDEPMODE=''
CFLAGS='-fPIE -fPIC'
CPP=''
CPPFLAGS=''
CXX='aarch64-linux-android-clang++'
CXXCPP=''
CXXDEPMODE=''
CXXFLAGS=''
CYGPATH_W='echo'
DEFS=''
DEPDIR=''
DLLTOOL=''
DSYMUTIL=''
DUMPBIN=''
ECHO_C='\c'
ECHO_N=''
ECHO_T=''
EGREP=''
EXEEXT=''
FGREP=''
GREP=''
INSTALL_DATA='${INSTALL} -m 644'
INSTALL_PROGRAM='${INSTALL}'
INSTALL_SCRIPT='${INSTALL}'
INSTALL_STRIP_PROGRAM='$(install_sh) -c -s'
LD='aarch64-linux-android-ld'
LDFLAGS='-pie'
LIBOBJS=''
LIBS=''
LIBTOOL=''
LIPO=''
LN_S=''
LTLIBOBJS=''
LT_SYS_LIBRARY_PATH=''
MAKEINFO='${SHELL} /Users/oketo/CLionProjects/tmp/CrossPlatformCProjectAndroid/missing makeinfo'
MANIFEST_TOOL=''
MKDIR_P='./install-sh -c -d'
NM=''
NMEDIT=''
OBJDUMP=''
OBJEXT=''
OTOOL64=''
OTOOL=''
PACKAGE='helloworld'
PACKAGE_BUGREPORT='contact@digitalleaves.com'
PACKAGE_NAME='helloWorld'
PACKAGE_STRING='helloWorld 1.0'
PACKAGE_TARNAME='helloworld'
PACKAGE_URL=''
PACKAGE_VERSION='1.0'
PATH_SEPARATOR=':'
RANLIB=''
SED=''
SET_MAKE=''
SHELL='/bin/sh'
STRIP='aarch64-linux-android-strip'
VERSION='1.0'
ac_ct_AR=''
ac_ct_CC=''
ac_ct_CXX=''
ac_ct_DUMPBIN=''
am__EXEEXT_FALSE=''
am__EXEEXT_TRUE=''
am__fastdepCC_FALSE=''
am__fastdepCC_TRUE=''
am__fastdepCXX_FALSE=''
am__fastdepCXX_TRUE=''
am__include=''
am__isrc=''
am__leading_dot='.'
am__nodep=''
am__quote=''
am__tar='$${TAR-tar} chof - "$$tardir"'
am__untar='$${TAR-tar} xf -'
bindir='${exec_prefix}/bin'
build=''
build_alias=''
build_cpu=''
build_os=''
build_vendor=''
datadir='${datarootdir}'
datarootdir='${prefix}/share'
docdir='${datarootdir}/doc/${PACKAGE_TARNAME}'
dvidir='${docdir}'
exec_prefix='NONE'
host=''
host_alias=''
host_cpu=''
host_os=''
host_vendor=''
htmldir='${docdir}'
includedir='${prefix}/include'
infodir='${datarootdir}/info'
install_sh='${SHELL} /Users/oketo/CLionProjects/tmp/CrossPlatformCProjectAndroid/install-sh'
libdir='${exec_prefix}/lib'
libexecdir='${exec_prefix}/libexec'
localedir='${datarootdir}/locale'
localstatedir='${prefix}/var'
mandir='${datarootdir}/man'
mkdir_p='$(MKDIR_P)'
oldincludedir='/usr/include'
pdfdir='${docdir}'
prefix='NONE'
program_transform_name='s,x,x,'
psdir='${docdir}'
sbindir='${exec_prefix}/sbin'
sharedstatedir='${prefix}/com'
sysconfdir='${prefix}/etc'
target_alias=''

## ----------- ##
## confdefs.h. ##
## ----------- ##

/* confdefs.h */
#define PACKAGE_NAME "helloWorld"
#define PACKAGE_TARNAME "helloworld"
#define PACKAGE_VERSION "1.0"
#define PACKAGE_STRING "helloWorld 1.0"
#define PACKAGE_BUGREPORT "contact@digitalleaves.com"
#define PACKAGE_URL ""
#define PACKAGE "helloworld"
#define VERSION "1.0"

configure: exit 1
